<?xml version="1.0" encoding="UTF-8"?>
<!-- Generated by org.testng.reporters.JUnitXMLReporter -->
<testsuite ignored="0" hostname="DESKTOP-O0CIPEK" failures="0" tests="4" name="Default test" time="0.811" errors="0" timestamp="2022-08-24T07:25:32 IST">
  <testcase classname="com.mavn.FirstTest" name="efg" time="0.14"/>
  <testcase classname="com.mavn.FirstTest" name="efg" time="0.009"/>
  <testcase classname="com.mavn.FirstTest" name="xyz" time="0.06"/>
  <testcase classname="com.mavn.FirstTest" name="abc" time="0.022"/>
</testsuite> <!-- Default test -->
