<?xml version="1.0" encoding="UTF-8"?>
<!-- Generated by org.testng.reporters.JUnitXMLReporter -->
<testsuite ignored="0" hostname="DESKTOP-O0CIPEK" failures="0" tests="4" name="Test" time="0.578" errors="0" timestamp="2022-08-20T10:44:53 IST">
  <testcase classname="com.mavn.FirstTest" name="efg" time="0.045"/>
  <testcase classname="com.mavn.FirstTest" name="efg" time="0.011"/>
  <testcase classname="com.mavn.FirstTest" name="xyz" time="0.015"/>
  <testcase classname="com.mavn.FirstTest" name="abc" time="0.018"/>
</testsuite> <!-- Test -->
