<?xml version="1.0" encoding="UTF-8"?>
<testng-results ignored="0" total="4" passed="4" failed="0" skipped="0">
  <reporter-output>
  </reporter-output>
  <suite started-at="2022-08-24T07:25:31 IST" name="Default suite" finished-at="2022-08-24T07:25:32 IST" duration-ms="811">
    <groups>
    </groups>
    <test started-at="2022-08-24T07:25:31 IST" name="Default test" finished-at="2022-08-24T07:25:32 IST" duration-ms="811">
      <class name="com.mavn.FirstTest">
        <test-method is-config="true" signature="Sample5()[pri:0, instance:com.mavn.FirstTest@1ffaf86]" started-at="2022-08-24T07:25:31 IST" name="Sample5" finished-at="2022-08-24T07:25:31 IST" duration-ms="86" status="PASS">
          <reporter-output>
          </reporter-output>
        </test-method> <!-- Sample5 -->
        <test-method is-config="true" signature="sample7()[pri:0, instance:com.mavn.FirstTest@1ffaf86]" started-at="2022-08-24T07:25:31 IST" name="sample7" finished-at="2022-08-24T07:25:31 IST" duration-ms="2" status="PASS">
          <reporter-output>
          </reporter-output>
        </test-method> <!-- sample7 -->
        <test-method is-config="true" signature="Sample1()[pri:0, instance:com.mavn.FirstTest@1ffaf86]" started-at="2022-08-24T07:25:31 IST" name="Sample1" finished-at="2022-08-24T07:25:31 IST" duration-ms="16" status="PASS">
          <reporter-output>
          </reporter-output>
        </test-method> <!-- Sample1 -->
        <test-method is-config="true" signature="Sample3()[pri:0, instance:com.mavn.FirstTest@1ffaf86]" started-at="2022-08-24T07:25:31 IST" name="Sample3" finished-at="2022-08-24T07:25:31 IST" duration-ms="4" status="PASS">
          <reporter-output>
          </reporter-output>
        </test-method> <!-- Sample3 -->
        <test-method signature="efg()[pri:0, instance:com.mavn.FirstTest@1ffaf86]" started-at="2022-08-24T07:25:31 IST" name="efg" finished-at="2022-08-24T07:25:32 IST" duration-ms="140" status="PASS">
          <reporter-output>
          </reporter-output>
        </test-method> <!-- efg -->
        <test-method is-config="true" signature="Sample4()[pri:0, instance:com.mavn.FirstTest@1ffaf86]" started-at="2022-08-24T07:25:32 IST" name="Sample4" finished-at="2022-08-24T07:25:32 IST" duration-ms="3" status="PASS">
          <reporter-output>
          </reporter-output>
        </test-method> <!-- Sample4 -->
        <test-method is-config="true" signature="Sample3()[pri:0, instance:com.mavn.FirstTest@1ffaf86]" started-at="2022-08-24T07:25:32 IST" name="Sample3" finished-at="2022-08-24T07:25:32 IST" duration-ms="8" status="PASS">
          <reporter-output>
          </reporter-output>
        </test-method> <!-- Sample3 -->
        <test-method signature="efg()[pri:0, instance:com.mavn.FirstTest@1ffaf86]" started-at="2022-08-24T07:25:32 IST" name="efg" finished-at="2022-08-24T07:25:32 IST" duration-ms="9" status="PASS">
          <reporter-output>
          </reporter-output>
        </test-method> <!-- efg -->
        <test-method is-config="true" signature="Sample4()[pri:0, instance:com.mavn.FirstTest@1ffaf86]" started-at="2022-08-24T07:25:32 IST" name="Sample4" finished-at="2022-08-24T07:25:32 IST" duration-ms="2" status="PASS">
          <reporter-output>
          </reporter-output>
        </test-method> <!-- Sample4 -->
        <test-method is-config="true" signature="Sample3()[pri:0, instance:com.mavn.FirstTest@1ffaf86]" started-at="2022-08-24T07:25:32 IST" name="Sample3" finished-at="2022-08-24T07:25:32 IST" duration-ms="4" status="PASS">
          <reporter-output>
          </reporter-output>
        </test-method> <!-- Sample3 -->
        <test-method signature="xyz()[pri:1, instance:com.mavn.FirstTest@1ffaf86]" started-at="2022-08-24T07:25:32 IST" name="xyz" finished-at="2022-08-24T07:25:32 IST" duration-ms="60" status="PASS">
          <reporter-output>
          </reporter-output>
        </test-method> <!-- xyz -->
        <test-method is-config="true" signature="Sample4()[pri:0, instance:com.mavn.FirstTest@1ffaf86]" started-at="2022-08-24T07:25:32 IST" name="Sample4" finished-at="2022-08-24T07:25:32 IST" duration-ms="5" status="PASS">
          <reporter-output>
          </reporter-output>
        </test-method> <!-- Sample4 -->
        <test-method is-config="true" signature="Sample3()[pri:0, instance:com.mavn.FirstTest@1ffaf86]" started-at="2022-08-24T07:25:32 IST" name="Sample3" finished-at="2022-08-24T07:25:32 IST" duration-ms="3" status="PASS">
          <reporter-output>
          </reporter-output>
        </test-method> <!-- Sample3 -->
        <test-method signature="abc()[pri:2, instance:com.mavn.FirstTest@1ffaf86]" started-at="2022-08-24T07:25:32 IST" name="abc" finished-at="2022-08-24T07:25:32 IST" duration-ms="22" status="PASS">
          <reporter-output>
          </reporter-output>
        </test-method> <!-- abc -->
        <test-method is-config="true" signature="Sample4()[pri:0, instance:com.mavn.FirstTest@1ffaf86]" started-at="2022-08-24T07:25:32 IST" name="Sample4" finished-at="2022-08-24T07:25:32 IST" duration-ms="2" status="PASS">
          <reporter-output>
          </reporter-output>
        </test-method> <!-- Sample4 -->
        <test-method is-config="true" signature="Sample2()[pri:0, instance:com.mavn.FirstTest@1ffaf86]" started-at="2022-08-24T07:25:32 IST" name="Sample2" finished-at="2022-08-24T07:25:32 IST" duration-ms="5" status="PASS">
          <reporter-output>
          </reporter-output>
        </test-method> <!-- Sample2 -->
        <test-method is-config="true" signature="Sample8()[pri:0, instance:com.mavn.FirstTest@1ffaf86]" started-at="2022-08-24T07:25:32 IST" name="Sample8" finished-at="2022-08-24T07:25:32 IST" duration-ms="2" status="PASS">
          <reporter-output>
          </reporter-output>
        </test-method> <!-- Sample8 -->
        <test-method is-config="true" signature="sample6()[pri:0, instance:com.mavn.FirstTest@1ffaf86]" started-at="2022-08-24T07:25:33 IST" name="sample6" finished-at="2022-08-24T07:25:33 IST" duration-ms="5" status="PASS">
          <reporter-output>
          </reporter-output>
        </test-method> <!-- sample6 -->
      </class> <!-- com.mavn.FirstTest -->
    </test> <!-- Default test -->
  </suite> <!-- Default suite -->
</testng-results>
